{"C:\\ESPE\\PruebasSoftware\\Unidad 1\\Proyecto.PruebasU1\\Backend\\src\\app.js": {"path":"C:\\ESPE\\PruebasSoftware\\Unidad 1\\Proyecto.PruebasU1\\Backend\\src\\app.js","statementMap":{"0":{"start":{"line":1,"column":16},"end":{"line":1,"column":34}},"1":{"start":{"line":2,"column":19},"end":{"line":2,"column":50}},"2":{"start":{"line":3,"column":21},"end":{"line":3,"column":53}},"3":{"start":{"line":4,"column":22},"end":{"line":4,"column":56}},"4":{"start":{"line":5,"column":28},"end":{"line":5,"column":68}},"5":{"start":{"line":7,"column":12},"end":{"line":7,"column":21}},"6":{"start":{"line":10,"column":0},"end":{"line":17,"column":3}},"7":{"start":{"line":11,"column":4},"end":{"line":11,"column":54}},"8":{"start":{"line":12,"column":4},"end":{"line":12,"column":81}},"9":{"start":{"line":13,"column":4},"end":{"line":13,"column":80}},"10":{"start":{"line":15,"column":4},"end":{"line":15,"column":61}},"11":{"start":{"line":15,"column":34},"end":{"line":15,"column":61}},"12":{"start":{"line":16,"column":4},"end":{"line":16,"column":11}},"13":{"start":{"line":19,"column":0},"end":{"line":19,"column":24}},"14":{"start":{"line":22,"column":0},"end":{"line":22,"column":34}},"15":{"start":{"line":23,"column":0},"end":{"line":23,"column":30}},"16":{"start":{"line":24,"column":0},"end":{"line":24,"column":41}},"17":{"start":{"line":25,"column":0},"end":{"line":25,"column":37}},"18":{"start":{"line":26,"column":0},"end":{"line":26,"column":40}},"19":{"start":{"line":27,"column":0},"end":{"line":27,"column":36}},"20":{"start":{"line":28,"column":0},"end":{"line":28,"column":52}},"21":{"start":{"line":29,"column":0},"end":{"line":29,"column":48}},"22":{"start":{"line":32,"column":0},"end":{"line":34,"column":3}},"23":{"start":{"line":33,"column":4},"end":{"line":33,"column":64}},"24":{"start":{"line":38,"column":0},"end":{"line":43,"column":1}},"25":{"start":{"line":39,"column":17},"end":{"line":39,"column":41}},"26":{"start":{"line":40,"column":4},"end":{"line":42,"column":7}},"27":{"start":{"line":41,"column":8},"end":{"line":41,"column":79}},"28":{"start":{"line":46,"column":0},"end":{"line":46,"column":21}}},"fnMap":{"0":{"name":"(anonymous_0)","decl":{"start":{"line":10,"column":8},"end":{"line":10,"column":9}},"loc":{"start":{"line":10,"column":28},"end":{"line":17,"column":1}},"line":10},"1":{"name":"(anonymous_1)","decl":{"start":{"line":32,"column":8},"end":{"line":32,"column":9}},"loc":{"start":{"line":32,"column":22},"end":{"line":34,"column":1}},"line":32},"2":{"name":"(anonymous_2)","decl":{"start":{"line":40,"column":21},"end":{"line":40,"column":22}},"loc":{"start":{"line":40,"column":27},"end":{"line":42,"column":5}},"line":40}},"branchMap":{"0":{"loc":{"start":{"line":15,"column":4},"end":{"line":15,"column":61}},"type":"if","locations":[{"start":{"line":15,"column":4},"end":{"line":15,"column":61}},{"start":{},"end":{}}],"line":15},"1":{"loc":{"start":{"line":38,"column":0},"end":{"line":43,"column":1}},"type":"if","locations":[{"start":{"line":38,"column":0},"end":{"line":43,"column":1}},{"start":{},"end":{}}],"line":38},"2":{"loc":{"start":{"line":39,"column":17},"end":{"line":39,"column":41}},"type":"binary-expr","locations":[{"start":{"line":39,"column":17},"end":{"line":39,"column":33}},{"start":{"line":39,"column":37},"end":{"line":39,"column":41}}],"line":39}},"s":{"0":1,"1":1,"2":1,"3":1,"4":1,"5":1,"6":1,"7":8,"8":8,"9":8,"10":8,"11":0,"12":8,"13":1,"14":1,"15":1,"16":1,"17":1,"18":1,"19":1,"20":1,"21":1,"22":1,"23":0,"24":1,"25":0,"26":0,"27":0,"28":1},"f":{"0":8,"1":0,"2":0},"b":{"0":[0,8],"1":[0,1],"2":[0,0]},"_coverageSchema":"1a1c01bbd47fc00a2c39e90264f33305004495a9","hash":"0a6935906b256bb722713a86a0b4f4985189e48d"}
,"C:\\ESPE\\PruebasSoftware\\Unidad 1\\Proyecto.PruebasU1\\Backend\\src\\controllers\\auto.controller.js": {"path":"C:\\ESPE\\PruebasSoftware\\Unidad 1\\Proyecto.PruebasU1\\Backend\\src\\controllers\\auto.controller.js","statementMap":{"0":{"start":{"line":9,"column":14},"end":{"line":9,"column":16}},"1":{"start":{"line":13,"column":4},"end":{"line":13,"column":20}},"2":{"start":{"line":18,"column":55},"end":{"line":18,"column":63}},"3":{"start":{"line":21,"column":4},"end":{"line":23,"column":5}},"4":{"start":{"line":22,"column":8},"end":{"line":22,"column":111}},"5":{"start":{"line":26,"column":20},"end":{"line":33,"column":5}},"6":{"start":{"line":36,"column":4},"end":{"line":36,"column":24}},"7":{"start":{"line":39,"column":4},"end":{"line":39,"column":34}},"8":{"start":{"line":44,"column":19},"end":{"line":44,"column":29}},"9":{"start":{"line":45,"column":55},"end":{"line":45,"column":63}},"10":{"start":{"line":48,"column":14},"end":{"line":48,"column":55}},"11":{"start":{"line":48,"column":35},"end":{"line":48,"column":54}},"12":{"start":{"line":49,"column":4},"end":{"line":49,"column":81}},"13":{"start":{"line":49,"column":18},"end":{"line":49,"column":81}},"14":{"start":{"line":51,"column":4},"end":{"line":51,"column":52}},"15":{"start":{"line":51,"column":29},"end":{"line":51,"column":52}},"16":{"start":{"line":52,"column":4},"end":{"line":52,"column":55}},"17":{"start":{"line":52,"column":30},"end":{"line":52,"column":55}},"18":{"start":{"line":53,"column":4},"end":{"line":53,"column":46}},"19":{"start":{"line":53,"column":27},"end":{"line":53,"column":46}},"20":{"start":{"line":54,"column":4},"end":{"line":54,"column":52}},"21":{"start":{"line":54,"column":29},"end":{"line":54,"column":52}},"22":{"start":{"line":55,"column":4},"end":{"line":55,"column":70}},"23":{"start":{"line":55,"column":35},"end":{"line":55,"column":70}},"24":{"start":{"line":57,"column":4},"end":{"line":57,"column":23}},"25":{"start":{"line":62,"column":19},"end":{"line":62,"column":29}},"26":{"start":{"line":65,"column":18},"end":{"line":65,"column":59}},"27":{"start":{"line":65,"column":39},"end":{"line":65,"column":58}},"28":{"start":{"line":66,"column":4},"end":{"line":66,"column":85}},"29":{"start":{"line":66,"column":22},"end":{"line":66,"column":85}},"30":{"start":{"line":68,"column":20},"end":{"line":68,"column":42}},"31":{"start":{"line":70,"column":4},"end":{"line":70,"column":25}},"32":{"start":{"line":77,"column":0},"end":{"line":77,"column":81}}},"fnMap":{"0":{"name":"getAllPatients","decl":{"start":{"line":12,"column":9},"end":{"line":12,"column":23}},"loc":{"start":{"line":12,"column":34},"end":{"line":14,"column":1}},"line":12},"1":{"name":"addnewPatient","decl":{"start":{"line":17,"column":9},"end":{"line":17,"column":22}},"loc":{"start":{"line":17,"column":33},"end":{"line":40,"column":1}},"line":17},"2":{"name":"updatePatient","decl":{"start":{"line":43,"column":9},"end":{"line":43,"column":22}},"loc":{"start":{"line":43,"column":33},"end":{"line":58,"column":1}},"line":43},"3":{"name":"(anonymous_3)","decl":{"start":{"line":48,"column":30},"end":{"line":48,"column":31}},"loc":{"start":{"line":48,"column":35},"end":{"line":48,"column":54}},"line":48},"4":{"name":"deletePatient","decl":{"start":{"line":61,"column":9},"end":{"line":61,"column":22}},"loc":{"start":{"line":61,"column":33},"end":{"line":71,"column":1}},"line":61},"5":{"name":"(anonymous_5)","decl":{"start":{"line":65,"column":34},"end":{"line":65,"column":35}},"loc":{"start":{"line":65,"column":39},"end":{"line":65,"column":58}},"line":65}},"branchMap":{"0":{"loc":{"start":{"line":21,"column":4},"end":{"line":23,"column":5}},"type":"if","locations":[{"start":{"line":21,"column":4},"end":{"line":23,"column":5}},{"start":{},"end":{}}],"line":21},"1":{"loc":{"start":{"line":21,"column":8},"end":{"line":21,"column":59}},"type":"binary-expr","locations":[{"start":{"line":21,"column":8},"end":{"line":21,"column":14}},{"start":{"line":21,"column":18},"end":{"line":21,"column":25}},{"start":{"line":21,"column":29},"end":{"line":21,"column":33}},{"start":{"line":21,"column":37},"end":{"line":21,"column":43}},{"start":{"line":21,"column":47},"end":{"line":21,"column":59}}],"line":21},"2":{"loc":{"start":{"line":49,"column":4},"end":{"line":49,"column":81}},"type":"if","locations":[{"start":{"line":49,"column":4},"end":{"line":49,"column":81}},{"start":{},"end":{}}],"line":49},"3":{"loc":{"start":{"line":51,"column":4},"end":{"line":51,"column":52}},"type":"if","locations":[{"start":{"line":51,"column":4},"end":{"line":51,"column":52}},{"start":{},"end":{}}],"line":51},"4":{"loc":{"start":{"line":52,"column":4},"end":{"line":52,"column":55}},"type":"if","locations":[{"start":{"line":52,"column":4},"end":{"line":52,"column":55}},{"start":{},"end":{}}],"line":52},"5":{"loc":{"start":{"line":53,"column":4},"end":{"line":53,"column":46}},"type":"if","locations":[{"start":{"line":53,"column":4},"end":{"line":53,"column":46}},{"start":{},"end":{}}],"line":53},"6":{"loc":{"start":{"line":54,"column":4},"end":{"line":54,"column":52}},"type":"if","locations":[{"start":{"line":54,"column":4},"end":{"line":54,"column":52}},{"start":{},"end":{}}],"line":54},"7":{"loc":{"start":{"line":55,"column":4},"end":{"line":55,"column":70}},"type":"if","locations":[{"start":{"line":55,"column":4},"end":{"line":55,"column":70}},{"start":{},"end":{}}],"line":55},"8":{"loc":{"start":{"line":66,"column":4},"end":{"line":66,"column":85}},"type":"if","locations":[{"start":{"line":66,"column":4},"end":{"line":66,"column":85}},{"start":{},"end":{}}],"line":66}},"s":{"0":1,"1":2,"2":4,"3":4,"4":1,"5":3,"6":3,"7":3,"8":1,"9":1,"10":1,"11":2,"12":1,"13":0,"14":1,"15":0,"16":1,"17":0,"18":1,"19":0,"20":1,"21":1,"22":1,"23":0,"24":1,"25":1,"26":1,"27":3,"28":1,"29":0,"30":1,"31":1,"32":1},"f":{"0":2,"1":4,"2":1,"3":2,"4":1,"5":3},"b":{"0":[1,3],"1":[4,4,3,3,3],"2":[0,1],"3":[0,1],"4":[0,1],"5":[0,1],"6":[1,0],"7":[0,1],"8":[0,1]},"_coverageSchema":"1a1c01bbd47fc00a2c39e90264f33305004495a9","hash":"811e8dcbdb5bac331b10b7ca631a8d81f844e5e6"}
,"C:\\ESPE\\PruebasSoftware\\Unidad 1\\Proyecto.PruebasU1\\Backend\\src\\controllers\\cliente.controller.js": {"path":"C:\\ESPE\\PruebasSoftware\\Unidad 1\\Proyecto.PruebasU1\\Backend\\src\\controllers\\cliente.controller.js","statementMap":{"0":{"start":{"line":1,"column":17},"end":{"line":1,"column":19}},"1":{"start":{"line":4,"column":4},"end":{"line":4,"column":23}},"2":{"start":{"line":8,"column":59},"end":{"line":8,"column":63}},"3":{"start":{"line":10,"column":4},"end":{"line":12,"column":5}},"4":{"start":{"line":11,"column":8},"end":{"line":11,"column":76}},"5":{"start":{"line":14,"column":4},"end":{"line":17,"column":5}},"6":{"start":{"line":16,"column":8},"end":{"line":16,"column":76}},"7":{"start":{"line":19,"column":23},"end":{"line":19,"column":51}},"8":{"start":{"line":20,"column":4},"end":{"line":22,"column":5}},"9":{"start":{"line":21,"column":8},"end":{"line":21,"column":53}},"10":{"start":{"line":24,"column":4},"end":{"line":24,"column":16}},"11":{"start":{"line":28,"column":59},"end":{"line":28,"column":67}},"12":{"start":{"line":30,"column":18},"end":{"line":30,"column":47}},"13":{"start":{"line":31,"column":4},"end":{"line":33,"column":5}},"14":{"start":{"line":32,"column":8},"end":{"line":32,"column":56}},"15":{"start":{"line":35,"column":23},"end":{"line":42,"column":5}},"16":{"start":{"line":43,"column":4},"end":{"line":43,"column":30}},"17":{"start":{"line":44,"column":4},"end":{"line":44,"column":37}},"18":{"start":{"line":48,"column":19},"end":{"line":48,"column":29}},"19":{"start":{"line":49,"column":59},"end":{"line":49,"column":67}},"20":{"start":{"line":50,"column":14},"end":{"line":50,"column":49}},"21":{"start":{"line":50,"column":38},"end":{"line":50,"column":48}},"22":{"start":{"line":51,"column":4},"end":{"line":51,"column":84}},"23":{"start":{"line":51,"column":18},"end":{"line":51,"column":84}},"24":{"start":{"line":52,"column":4},"end":{"line":52,"column":58}},"25":{"start":{"line":52,"column":30},"end":{"line":52,"column":58}},"26":{"start":{"line":53,"column":4},"end":{"line":53,"column":55}},"27":{"start":{"line":53,"column":29},"end":{"line":53,"column":55}},"28":{"start":{"line":54,"column":4},"end":{"line":54,"column":64}},"29":{"start":{"line":54,"column":32},"end":{"line":54,"column":64}},"30":{"start":{"line":55,"column":4},"end":{"line":55,"column":67}},"31":{"start":{"line":55,"column":33},"end":{"line":55,"column":67}},"32":{"start":{"line":56,"column":4},"end":{"line":56,"column":58}},"33":{"start":{"line":56,"column":30},"end":{"line":56,"column":58}},"34":{"start":{"line":57,"column":4},"end":{"line":57,"column":26}},"35":{"start":{"line":61,"column":19},"end":{"line":61,"column":29}},"36":{"start":{"line":62,"column":18},"end":{"line":62,"column":53}},"37":{"start":{"line":62,"column":42},"end":{"line":62,"column":52}},"38":{"start":{"line":63,"column":4},"end":{"line":63,"column":88}},"39":{"start":{"line":63,"column":22},"end":{"line":63,"column":88}},"40":{"start":{"line":64,"column":20},"end":{"line":64,"column":45}},"41":{"start":{"line":65,"column":4},"end":{"line":65,"column":25}},"42":{"start":{"line":68,"column":0},"end":{"line":68,"column":81}}},"fnMap":{"0":{"name":"getAllClientes","decl":{"start":{"line":3,"column":9},"end":{"line":3,"column":23}},"loc":{"start":{"line":3,"column":34},"end":{"line":5,"column":1}},"line":3},"1":{"name":"validateClienteData","decl":{"start":{"line":7,"column":9},"end":{"line":7,"column":28}},"loc":{"start":{"line":7,"column":35},"end":{"line":25,"column":1}},"line":7},"2":{"name":"addNewCliente","decl":{"start":{"line":27,"column":9},"end":{"line":27,"column":22}},"loc":{"start":{"line":27,"column":33},"end":{"line":45,"column":1}},"line":27},"3":{"name":"updateCliente","decl":{"start":{"line":47,"column":9},"end":{"line":47,"column":22}},"loc":{"start":{"line":47,"column":33},"end":{"line":58,"column":1}},"line":47},"4":{"name":"(anonymous_4)","decl":{"start":{"line":50,"column":33},"end":{"line":50,"column":34}},"loc":{"start":{"line":50,"column":38},"end":{"line":50,"column":48}},"line":50},"5":{"name":"deleteCliente","decl":{"start":{"line":60,"column":9},"end":{"line":60,"column":22}},"loc":{"start":{"line":60,"column":33},"end":{"line":66,"column":1}},"line":60},"6":{"name":"(anonymous_6)","decl":{"start":{"line":62,"column":37},"end":{"line":62,"column":38}},"loc":{"start":{"line":62,"column":42},"end":{"line":62,"column":52}},"line":62}},"branchMap":{"0":{"loc":{"start":{"line":10,"column":4},"end":{"line":12,"column":5}},"type":"if","locations":[{"start":{"line":10,"column":4},"end":{"line":12,"column":5}},{"start":{},"end":{}}],"line":10},"1":{"loc":{"start":{"line":10,"column":8},"end":{"line":10,"column":63}},"type":"binary-expr","locations":[{"start":{"line":10,"column":8},"end":{"line":10,"column":15}},{"start":{"line":10,"column":19},"end":{"line":10,"column":25}},{"start":{"line":10,"column":29},"end":{"line":10,"column":38}},{"start":{"line":10,"column":42},"end":{"line":10,"column":52}},{"start":{"line":10,"column":56},"end":{"line":10,"column":63}}],"line":10},"2":{"loc":{"start":{"line":14,"column":4},"end":{"line":17,"column":5}},"type":"if","locations":[{"start":{"line":14,"column":4},"end":{"line":17,"column":5}},{"start":{},"end":{}}],"line":14},"3":{"loc":{"start":{"line":14,"column":8},"end":{"line":15,"column":55}},"type":"binary-expr","locations":[{"start":{"line":14,"column":8},"end":{"line":14,"column":28}},{"start":{"line":14,"column":32},"end":{"line":14,"column":51}},{"start":{"line":14,"column":55},"end":{"line":14,"column":77}},{"start":{"line":15,"column":8},"end":{"line":15,"column":31}},{"start":{"line":15,"column":35},"end":{"line":15,"column":55}}],"line":14},"4":{"loc":{"start":{"line":20,"column":4},"end":{"line":22,"column":5}},"type":"if","locations":[{"start":{"line":20,"column":4},"end":{"line":22,"column":5}},{"start":{},"end":{}}],"line":20},"5":{"loc":{"start":{"line":31,"column":4},"end":{"line":33,"column":5}},"type":"if","locations":[{"start":{"line":31,"column":4},"end":{"line":33,"column":5}},{"start":{},"end":{}}],"line":31},"6":{"loc":{"start":{"line":51,"column":4},"end":{"line":51,"column":84}},"type":"if","locations":[{"start":{"line":51,"column":4},"end":{"line":51,"column":84}},{"start":{},"end":{}}],"line":51},"7":{"loc":{"start":{"line":52,"column":4},"end":{"line":52,"column":58}},"type":"if","locations":[{"start":{"line":52,"column":4},"end":{"line":52,"column":58}},{"start":{},"end":{}}],"line":52},"8":{"loc":{"start":{"line":53,"column":4},"end":{"line":53,"column":55}},"type":"if","locations":[{"start":{"line":53,"column":4},"end":{"line":53,"column":55}},{"start":{},"end":{}}],"line":53},"9":{"loc":{"start":{"line":54,"column":4},"end":{"line":54,"column":64}},"type":"if","locations":[{"start":{"line":54,"column":4},"end":{"line":54,"column":64}},{"start":{},"end":{}}],"line":54},"10":{"loc":{"start":{"line":55,"column":4},"end":{"line":55,"column":67}},"type":"if","locations":[{"start":{"line":55,"column":4},"end":{"line":55,"column":67}},{"start":{},"end":{}}],"line":55},"11":{"loc":{"start":{"line":56,"column":4},"end":{"line":56,"column":58}},"type":"if","locations":[{"start":{"line":56,"column":4},"end":{"line":56,"column":58}},{"start":{},"end":{}}],"line":56},"12":{"loc":{"start":{"line":63,"column":4},"end":{"line":63,"column":88}},"type":"if","locations":[{"start":{"line":63,"column":4},"end":{"line":63,"column":88}},{"start":{},"end":{}}],"line":63}},"s":{"0":1,"1":0,"2":0,"3":0,"4":0,"5":0,"6":0,"7":0,"8":0,"9":0,"10":0,"11":0,"12":0,"13":0,"14":0,"15":0,"16":0,"17":0,"18":0,"19":0,"20":0,"21":0,"22":0,"23":0,"24":0,"25":0,"26":0,"27":0,"28":0,"29":0,"30":0,"31":0,"32":0,"33":0,"34":0,"35":0,"36":0,"37":0,"38":0,"39":0,"40":0,"41":0,"42":1},"f":{"0":0,"1":0,"2":0,"3":0,"4":0,"5":0,"6":0},"b":{"0":[0,0],"1":[0,0,0,0,0],"2":[0,0],"3":[0,0,0,0,0],"4":[0,0],"5":[0,0],"6":[0,0],"7":[0,0],"8":[0,0],"9":[0,0],"10":[0,0],"11":[0,0],"12":[0,0]},"_coverageSchema":"1a1c01bbd47fc00a2c39e90264f33305004495a9","hash":"d66b0c101b9b542e2c8a9f208b3ce735765f4b69"}
,"C:\\ESPE\\PruebasSoftware\\Unidad 1\\Proyecto.PruebasU1\\Backend\\src\\controllers\\concesionaria.controller.js": {"path":"C:\\ESPE\\PruebasSoftware\\Unidad 1\\Proyecto.PruebasU1\\Backend\\src\\controllers\\concesionaria.controller.js","statementMap":{"0":{"start":{"line":11,"column":23},"end":{"line":11,"column":25}},"1":{"start":{"line":15,"column":4},"end":{"line":15,"column":29}},"2":{"start":{"line":19,"column":61},"end":{"line":19,"column":65}},"3":{"start":{"line":21,"column":4},"end":{"line":23,"column":5}},"4":{"start":{"line":22,"column":8},"end":{"line":22,"column":78}},"5":{"start":{"line":25,"column":4},"end":{"line":28,"column":5}},"6":{"start":{"line":27,"column":8},"end":{"line":27,"column":76}},"7":{"start":{"line":30,"column":4},"end":{"line":30,"column":16}},"8":{"start":{"line":35,"column":61},"end":{"line":35,"column":69}},"9":{"start":{"line":37,"column":18},"end":{"line":37,"column":53}},"10":{"start":{"line":38,"column":4},"end":{"line":40,"column":5}},"11":{"start":{"line":39,"column":8},"end":{"line":39,"column":56}},"12":{"start":{"line":42,"column":29},"end":{"line":49,"column":5}},"13":{"start":{"line":51,"column":4},"end":{"line":51,"column":42}},"14":{"start":{"line":52,"column":4},"end":{"line":52,"column":43}},"15":{"start":{"line":57,"column":19},"end":{"line":57,"column":29}},"16":{"start":{"line":58,"column":61},"end":{"line":58,"column":69}},"17":{"start":{"line":60,"column":14},"end":{"line":60,"column":55}},"18":{"start":{"line":60,"column":44},"end":{"line":60,"column":54}},"19":{"start":{"line":61,"column":4},"end":{"line":61,"column":90}},"20":{"start":{"line":61,"column":18},"end":{"line":61,"column":90}},"21":{"start":{"line":63,"column":4},"end":{"line":63,"column":64}},"22":{"start":{"line":63,"column":30},"end":{"line":63,"column":64}},"23":{"start":{"line":64,"column":4},"end":{"line":64,"column":73}},"24":{"start":{"line":64,"column":33},"end":{"line":64,"column":73}},"25":{"start":{"line":65,"column":4},"end":{"line":65,"column":70}},"26":{"start":{"line":65,"column":32},"end":{"line":65,"column":70}},"27":{"start":{"line":66,"column":4},"end":{"line":66,"column":64}},"28":{"start":{"line":66,"column":30},"end":{"line":66,"column":64}},"29":{"start":{"line":67,"column":4},"end":{"line":67,"column":67}},"30":{"start":{"line":67,"column":31},"end":{"line":67,"column":67}},"31":{"start":{"line":69,"column":4},"end":{"line":69,"column":32}},"32":{"start":{"line":74,"column":19},"end":{"line":74,"column":29}},"33":{"start":{"line":76,"column":18},"end":{"line":76,"column":59}},"34":{"start":{"line":76,"column":48},"end":{"line":76,"column":58}},"35":{"start":{"line":77,"column":4},"end":{"line":77,"column":94}},"36":{"start":{"line":77,"column":22},"end":{"line":77,"column":94}},"37":{"start":{"line":79,"column":20},"end":{"line":79,"column":51}},"38":{"start":{"line":81,"column":4},"end":{"line":81,"column":25}},"39":{"start":{"line":84,"column":0},"end":{"line":89,"column":2}}},"fnMap":{"0":{"name":"getAllConcesionarias","decl":{"start":{"line":14,"column":9},"end":{"line":14,"column":29}},"loc":{"start":{"line":14,"column":40},"end":{"line":16,"column":1}},"line":14},"1":{"name":"validateConcesionariaData","decl":{"start":{"line":18,"column":9},"end":{"line":18,"column":34}},"loc":{"start":{"line":18,"column":41},"end":{"line":31,"column":1}},"line":18},"2":{"name":"addNewConcesionaria","decl":{"start":{"line":34,"column":9},"end":{"line":34,"column":28}},"loc":{"start":{"line":34,"column":39},"end":{"line":53,"column":1}},"line":34},"3":{"name":"updateConcesionaria","decl":{"start":{"line":56,"column":9},"end":{"line":56,"column":28}},"loc":{"start":{"line":56,"column":39},"end":{"line":70,"column":1}},"line":56},"4":{"name":"(anonymous_4)","decl":{"start":{"line":60,"column":39},"end":{"line":60,"column":40}},"loc":{"start":{"line":60,"column":44},"end":{"line":60,"column":54}},"line":60},"5":{"name":"deleteConcesionaria","decl":{"start":{"line":73,"column":9},"end":{"line":73,"column":28}},"loc":{"start":{"line":73,"column":39},"end":{"line":82,"column":1}},"line":73},"6":{"name":"(anonymous_6)","decl":{"start":{"line":76,"column":43},"end":{"line":76,"column":44}},"loc":{"start":{"line":76,"column":48},"end":{"line":76,"column":58}},"line":76}},"branchMap":{"0":{"loc":{"start":{"line":21,"column":4},"end":{"line":23,"column":5}},"type":"if","locations":[{"start":{"line":21,"column":4},"end":{"line":23,"column":5}},{"start":{},"end":{}}],"line":21},"1":{"loc":{"start":{"line":21,"column":8},"end":{"line":21,"column":65}},"type":"binary-expr","locations":[{"start":{"line":21,"column":8},"end":{"line":21,"column":15}},{"start":{"line":21,"column":19},"end":{"line":21,"column":29}},{"start":{"line":21,"column":33},"end":{"line":21,"column":42}},{"start":{"line":21,"column":46},"end":{"line":21,"column":53}},{"start":{"line":21,"column":57},"end":{"line":21,"column":65}}],"line":21},"2":{"loc":{"start":{"line":25,"column":4},"end":{"line":28,"column":5}},"type":"if","locations":[{"start":{"line":25,"column":4},"end":{"line":28,"column":5}},{"start":{},"end":{}}],"line":25},"3":{"loc":{"start":{"line":25,"column":8},"end":{"line":26,"column":53}},"type":"binary-expr","locations":[{"start":{"line":25,"column":8},"end":{"line":25,"column":28}},{"start":{"line":25,"column":32},"end":{"line":25,"column":55}},{"start":{"line":25,"column":59},"end":{"line":25,"column":81}},{"start":{"line":26,"column":8},"end":{"line":26,"column":28}},{"start":{"line":26,"column":32},"end":{"line":26,"column":53}}],"line":25},"4":{"loc":{"start":{"line":38,"column":4},"end":{"line":40,"column":5}},"type":"if","locations":[{"start":{"line":38,"column":4},"end":{"line":40,"column":5}},{"start":{},"end":{}}],"line":38},"5":{"loc":{"start":{"line":61,"column":4},"end":{"line":61,"column":90}},"type":"if","locations":[{"start":{"line":61,"column":4},"end":{"line":61,"column":90}},{"start":{},"end":{}}],"line":61},"6":{"loc":{"start":{"line":63,"column":4},"end":{"line":63,"column":64}},"type":"if","locations":[{"start":{"line":63,"column":4},"end":{"line":63,"column":64}},{"start":{},"end":{}}],"line":63},"7":{"loc":{"start":{"line":64,"column":4},"end":{"line":64,"column":73}},"type":"if","locations":[{"start":{"line":64,"column":4},"end":{"line":64,"column":73}},{"start":{},"end":{}}],"line":64},"8":{"loc":{"start":{"line":65,"column":4},"end":{"line":65,"column":70}},"type":"if","locations":[{"start":{"line":65,"column":4},"end":{"line":65,"column":70}},{"start":{},"end":{}}],"line":65},"9":{"loc":{"start":{"line":66,"column":4},"end":{"line":66,"column":64}},"type":"if","locations":[{"start":{"line":66,"column":4},"end":{"line":66,"column":64}},{"start":{},"end":{}}],"line":66},"10":{"loc":{"start":{"line":67,"column":4},"end":{"line":67,"column":67}},"type":"if","locations":[{"start":{"line":67,"column":4},"end":{"line":67,"column":67}},{"start":{},"end":{}}],"line":67},"11":{"loc":{"start":{"line":77,"column":4},"end":{"line":77,"column":94}},"type":"if","locations":[{"start":{"line":77,"column":4},"end":{"line":77,"column":94}},{"start":{},"end":{}}],"line":77}},"s":{"0":1,"1":0,"2":0,"3":0,"4":0,"5":0,"6":0,"7":0,"8":0,"9":0,"10":0,"11":0,"12":0,"13":0,"14":0,"15":0,"16":0,"17":0,"18":0,"19":0,"20":0,"21":0,"22":0,"23":0,"24":0,"25":0,"26":0,"27":0,"28":0,"29":0,"30":0,"31":0,"32":0,"33":0,"34":0,"35":0,"36":0,"37":0,"38":0,"39":1},"f":{"0":0,"1":0,"2":0,"3":0,"4":0,"5":0,"6":0},"b":{"0":[0,0],"1":[0,0,0,0,0],"2":[0,0],"3":[0,0,0,0,0],"4":[0,0],"5":[0,0],"6":[0,0],"7":[0,0],"8":[0,0],"9":[0,0],"10":[0,0],"11":[0,0]},"_coverageSchema":"1a1c01bbd47fc00a2c39e90264f33305004495a9","hash":"3fa9d5f44d31d97932de5e7ff47becf539f67d6c"}
,"C:\\ESPE\\PruebasSoftware\\Unidad 1\\Proyecto.PruebasU1\\Backend\\src\\controllers\\vendor.controller.js": {"path":"C:\\ESPE\\PruebasSoftware\\Unidad 1\\Proyecto.PruebasU1\\Backend\\src\\controllers\\vendor.controller.js","statementMap":{"0":{"start":{"line":1,"column":19},"end":{"line":1,"column":21}},"1":{"start":{"line":3,"column":19},"end":{"line":3,"column":47}},"2":{"start":{"line":4,"column":19},"end":{"line":4,"column":34}},"3":{"start":{"line":8,"column":64},"end":{"line":8,"column":72}},"4":{"start":{"line":10,"column":4},"end":{"line":11,"column":119}},"5":{"start":{"line":11,"column":8},"end":{"line":11,"column":119}},"6":{"start":{"line":13,"column":4},"end":{"line":14,"column":74}},"7":{"start":{"line":14,"column":8},"end":{"line":14,"column":74}},"8":{"start":{"line":16,"column":4},"end":{"line":17,"column":118}},"9":{"start":{"line":17,"column":8},"end":{"line":17,"column":118}},"10":{"start":{"line":19,"column":4},"end":{"line":20,"column":95}},"11":{"start":{"line":20,"column":8},"end":{"line":20,"column":95}},"12":{"start":{"line":22,"column":4},"end":{"line":23,"column":80}},"13":{"start":{"line":22,"column":29},"end":{"line":22,"column":46}},"14":{"start":{"line":23,"column":8},"end":{"line":23,"column":80}},"15":{"start":{"line":25,"column":4},"end":{"line":26,"column":93}},"16":{"start":{"line":25,"column":29},"end":{"line":25,"column":64}},"17":{"start":{"line":26,"column":8},"end":{"line":26,"column":93}},"18":{"start":{"line":28,"column":24},"end":{"line":28,"column":90}},"19":{"start":{"line":30,"column":4},"end":{"line":30,"column":33}},"20":{"start":{"line":31,"column":4},"end":{"line":31,"column":45}},"21":{"start":{"line":36,"column":4},"end":{"line":36,"column":25}},"22":{"start":{"line":41,"column":15},"end":{"line":41,"column":36}},"23":{"start":{"line":42,"column":21},"end":{"line":42,"column":54}},"24":{"start":{"line":42,"column":42},"end":{"line":42,"column":53}},"25":{"start":{"line":44,"column":4},"end":{"line":45,"column":75}},"26":{"start":{"line":45,"column":8},"end":{"line":45,"column":75}},"27":{"start":{"line":47,"column":4},"end":{"line":47,"column":23}},"28":{"start":{"line":52,"column":15},"end":{"line":52,"column":38}},"29":{"start":{"line":53,"column":64},"end":{"line":53,"column":72}},"30":{"start":{"line":54,"column":18},"end":{"line":54,"column":56}},"31":{"start":{"line":54,"column":44},"end":{"line":54,"column":55}},"32":{"start":{"line":55,"column":4},"end":{"line":55,"column":89}},"33":{"start":{"line":55,"column":22},"end":{"line":55,"column":89}},"34":{"start":{"line":57,"column":21},"end":{"line":57,"column":38}},"35":{"start":{"line":59,"column":4},"end":{"line":60,"column":74}},"36":{"start":{"line":60,"column":8},"end":{"line":60,"column":74}},"37":{"start":{"line":62,"column":4},"end":{"line":63,"column":118}},"38":{"start":{"line":63,"column":8},"end":{"line":63,"column":118}},"39":{"start":{"line":65,"column":4},"end":{"line":66,"column":95}},"40":{"start":{"line":66,"column":8},"end":{"line":66,"column":95}},"41":{"start":{"line":68,"column":4},"end":{"line":69,"column":98}},"42":{"start":{"line":68,"column":52},"end":{"line":68,"column":84}},"43":{"start":{"line":69,"column":8},"end":{"line":69,"column":98}},"44":{"start":{"line":71,"column":4},"end":{"line":72,"column":93}},"45":{"start":{"line":71,"column":61},"end":{"line":71,"column":111}},"46":{"start":{"line":72,"column":8},"end":{"line":72,"column":93}},"47":{"start":{"line":74,"column":4},"end":{"line":75,"column":67}},"48":{"start":{"line":77,"column":4},"end":{"line":77,"column":32}},"49":{"start":{"line":82,"column":15},"end":{"line":82,"column":38}},"50":{"start":{"line":83,"column":18},"end":{"line":83,"column":56}},"51":{"start":{"line":83,"column":44},"end":{"line":83,"column":55}},"52":{"start":{"line":85,"column":4},"end":{"line":86,"column":75}},"53":{"start":{"line":86,"column":8},"end":{"line":86,"column":75}},"54":{"start":{"line":88,"column":4},"end":{"line":88,"column":32}},"55":{"start":{"line":89,"column":4},"end":{"line":89,"column":73}},"56":{"start":{"line":92,"column":0},"end":{"line":98,"column":2}}},"fnMap":{"0":{"name":"createVendor","decl":{"start":{"line":7,"column":9},"end":{"line":7,"column":21}},"loc":{"start":{"line":7,"column":32},"end":{"line":32,"column":1}},"line":7},"1":{"name":"(anonymous_1)","decl":{"start":{"line":22,"column":24},"end":{"line":22,"column":25}},"loc":{"start":{"line":22,"column":29},"end":{"line":22,"column":46}},"line":22},"2":{"name":"(anonymous_2)","decl":{"start":{"line":25,"column":24},"end":{"line":25,"column":25}},"loc":{"start":{"line":25,"column":29},"end":{"line":25,"column":64}},"line":25},"3":{"name":"getAllVendors","decl":{"start":{"line":35,"column":9},"end":{"line":35,"column":22}},"loc":{"start":{"line":35,"column":33},"end":{"line":37,"column":1}},"line":35},"4":{"name":"getVendorById","decl":{"start":{"line":40,"column":9},"end":{"line":40,"column":22}},"loc":{"start":{"line":40,"column":33},"end":{"line":48,"column":1}},"line":40},"5":{"name":"(anonymous_5)","decl":{"start":{"line":42,"column":37},"end":{"line":42,"column":38}},"loc":{"start":{"line":42,"column":42},"end":{"line":42,"column":53}},"line":42},"6":{"name":"updateVendor","decl":{"start":{"line":51,"column":9},"end":{"line":51,"column":21}},"loc":{"start":{"line":51,"column":32},"end":{"line":78,"column":1}},"line":51},"7":{"name":"(anonymous_7)","decl":{"start":{"line":54,"column":39},"end":{"line":54,"column":40}},"loc":{"start":{"line":54,"column":44},"end":{"line":54,"column":55}},"line":54},"8":{"name":"(anonymous_8)","decl":{"start":{"line":68,"column":47},"end":{"line":68,"column":48}},"loc":{"start":{"line":68,"column":52},"end":{"line":68,"column":84}},"line":68},"9":{"name":"(anonymous_9)","decl":{"start":{"line":71,"column":56},"end":{"line":71,"column":57}},"loc":{"start":{"line":71,"column":61},"end":{"line":71,"column":111}},"line":71},"10":{"name":"deleteVendor","decl":{"start":{"line":81,"column":9},"end":{"line":81,"column":21}},"loc":{"start":{"line":81,"column":32},"end":{"line":90,"column":1}},"line":81},"11":{"name":"(anonymous_11)","decl":{"start":{"line":83,"column":39},"end":{"line":83,"column":40}},"loc":{"start":{"line":83,"column":44},"end":{"line":83,"column":55}},"line":83}},"branchMap":{"0":{"loc":{"start":{"line":10,"column":4},"end":{"line":11,"column":119}},"type":"if","locations":[{"start":{"line":10,"column":4},"end":{"line":11,"column":119}},{"start":{},"end":{}}],"line":10},"1":{"loc":{"start":{"line":10,"column":8},"end":{"line":10,"column":81}},"type":"binary-expr","locations":[{"start":{"line":10,"column":8},"end":{"line":10,"column":13}},{"start":{"line":10,"column":17},"end":{"line":10,"column":23}},{"start":{"line":10,"column":27},"end":{"line":10,"column":36}},{"start":{"line":10,"column":40},"end":{"line":10,"column":62}},{"start":{"line":10,"column":66},"end":{"line":10,"column":81}}],"line":10},"2":{"loc":{"start":{"line":13,"column":4},"end":{"line":14,"column":74}},"type":"if","locations":[{"start":{"line":13,"column":4},"end":{"line":14,"column":74}},{"start":{},"end":{}}],"line":13},"3":{"loc":{"start":{"line":16,"column":4},"end":{"line":17,"column":118}},"type":"if","locations":[{"start":{"line":16,"column":4},"end":{"line":17,"column":118}},{"start":{},"end":{}}],"line":16},"4":{"loc":{"start":{"line":19,"column":4},"end":{"line":20,"column":95}},"type":"if","locations":[{"start":{"line":19,"column":4},"end":{"line":20,"column":95}},{"start":{},"end":{}}],"line":19},"5":{"loc":{"start":{"line":19,"column":8},"end":{"line":19,"column":57}},"type":"binary-expr","locations":[{"start":{"line":19,"column":8},"end":{"line":19,"column":23}},{"start":{"line":19,"column":27},"end":{"line":19,"column":39}},{"start":{"line":19,"column":43},"end":{"line":19,"column":57}}],"line":19},"6":{"loc":{"start":{"line":22,"column":4},"end":{"line":23,"column":80}},"type":"if","locations":[{"start":{"line":22,"column":4},"end":{"line":23,"column":80}},{"start":{},"end":{}}],"line":22},"7":{"loc":{"start":{"line":25,"column":4},"end":{"line":26,"column":93}},"type":"if","locations":[{"start":{"line":25,"column":4},"end":{"line":26,"column":93}},{"start":{},"end":{}}],"line":25},"8":{"loc":{"start":{"line":44,"column":4},"end":{"line":45,"column":75}},"type":"if","locations":[{"start":{"line":44,"column":4},"end":{"line":45,"column":75}},{"start":{},"end":{}}],"line":44},"9":{"loc":{"start":{"line":55,"column":4},"end":{"line":55,"column":89}},"type":"if","locations":[{"start":{"line":55,"column":4},"end":{"line":55,"column":89}},{"start":{},"end":{}}],"line":55},"10":{"loc":{"start":{"line":59,"column":4},"end":{"line":60,"column":74}},"type":"if","locations":[{"start":{"line":59,"column":4},"end":{"line":60,"column":74}},{"start":{},"end":{}}],"line":59},"11":{"loc":{"start":{"line":59,"column":8},"end":{"line":59,"column":54}},"type":"binary-expr","locations":[{"start":{"line":59,"column":8},"end":{"line":59,"column":27}},{"start":{"line":59,"column":31},"end":{"line":59,"column":54}}],"line":59},"12":{"loc":{"start":{"line":62,"column":4},"end":{"line":63,"column":118}},"type":"if","locations":[{"start":{"line":62,"column":4},"end":{"line":63,"column":118}},{"start":{},"end":{}}],"line":62},"13":{"loc":{"start":{"line":62,"column":8},"end":{"line":62,"column":60}},"type":"binary-expr","locations":[{"start":{"line":62,"column":8},"end":{"line":62,"column":30}},{"start":{"line":62,"column":34},"end":{"line":62,"column":60}}],"line":62},"14":{"loc":{"start":{"line":65,"column":4},"end":{"line":66,"column":95}},"type":"if","locations":[{"start":{"line":65,"column":4},"end":{"line":66,"column":95}},{"start":{},"end":{}}],"line":65},"15":{"loc":{"start":{"line":65,"column":8},"end":{"line":65,"column":85}},"type":"binary-expr","locations":[{"start":{"line":65,"column":8},"end":{"line":65,"column":30}},{"start":{"line":65,"column":35},"end":{"line":65,"column":50}},{"start":{"line":65,"column":54},"end":{"line":65,"column":66}},{"start":{"line":65,"column":70},"end":{"line":65,"column":84}}],"line":65},"16":{"loc":{"start":{"line":68,"column":4},"end":{"line":69,"column":98}},"type":"if","locations":[{"start":{"line":68,"column":4},"end":{"line":69,"column":98}},{"start":{},"end":{}}],"line":68},"17":{"loc":{"start":{"line":68,"column":8},"end":{"line":68,"column":85}},"type":"binary-expr","locations":[{"start":{"line":68,"column":8},"end":{"line":68,"column":27}},{"start":{"line":68,"column":31},"end":{"line":68,"column":85}}],"line":68},"18":{"loc":{"start":{"line":68,"column":52},"end":{"line":68,"column":84}},"type":"binary-expr","locations":[{"start":{"line":68,"column":52},"end":{"line":68,"column":69}},{"start":{"line":68,"column":73},"end":{"line":68,"column":84}}],"line":68},"19":{"loc":{"start":{"line":71,"column":4},"end":{"line":72,"column":93}},"type":"if","locations":[{"start":{"line":71,"column":4},"end":{"line":72,"column":93}},{"start":{},"end":{}}],"line":71},"20":{"loc":{"start":{"line":71,"column":8},"end":{"line":71,"column":112}},"type":"binary-expr","locations":[{"start":{"line":71,"column":8},"end":{"line":71,"column":36}},{"start":{"line":71,"column":40},"end":{"line":71,"column":112}}],"line":71},"21":{"loc":{"start":{"line":71,"column":61},"end":{"line":71,"column":111}},"type":"binary-expr","locations":[{"start":{"line":71,"column":61},"end":{"line":71,"column":96}},{"start":{"line":71,"column":100},"end":{"line":71,"column":111}}],"line":71},"22":{"loc":{"start":{"line":74,"column":44},"end":{"line":74,"column":65}},"type":"binary-expr","locations":[{"start":{"line":74,"column":44},"end":{"line":74,"column":48}},{"start":{"line":74,"column":52},"end":{"line":74,"column":65}}],"line":74},"23":{"loc":{"start":{"line":74,"column":74},"end":{"line":74,"column":97}},"type":"binary-expr","locations":[{"start":{"line":74,"column":74},"end":{"line":74,"column":79}},{"start":{"line":74,"column":83},"end":{"line":74,"column":97}}],"line":74},"24":{"loc":{"start":{"line":74,"column":109},"end":{"line":74,"column":138}},"type":"binary-expr","locations":[{"start":{"line":74,"column":109},"end":{"line":74,"column":117}},{"start":{"line":74,"column":121},"end":{"line":74,"column":138}}],"line":74},"25":{"loc":{"start":{"line":74,"column":150},"end":{"line":74,"column":179}},"type":"binary-expr","locations":[{"start":{"line":74,"column":150},"end":{"line":74,"column":158}},{"start":{"line":74,"column":162},"end":{"line":74,"column":179}}],"line":74},"26":{"loc":{"start":{"line":75,"column":24},"end":{"line":75,"column":65}},"type":"binary-expr","locations":[{"start":{"line":75,"column":24},"end":{"line":75,"column":38}},{"start":{"line":75,"column":42},"end":{"line":75,"column":65}}],"line":75},"27":{"loc":{"start":{"line":85,"column":4},"end":{"line":86,"column":75}},"type":"if","locations":[{"start":{"line":85,"column":4},"end":{"line":86,"column":75}},{"start":{},"end":{}}],"line":85}},"s":{"0":1,"1":1,"2":1,"3":0,"4":0,"5":0,"6":0,"7":0,"8":0,"9":0,"10":0,"11":0,"12":0,"13":0,"14":0,"15":0,"16":0,"17":0,"18":0,"19":0,"20":0,"21":0,"22":0,"23":0,"24":0,"25":0,"26":0,"27":0,"28":0,"29":0,"30":0,"31":0,"32":0,"33":0,"34":0,"35":0,"36":0,"37":0,"38":0,"39":0,"40":0,"41":0,"42":0,"43":0,"44":0,"45":0,"46":0,"47":0,"48":0,"49":0,"50":0,"51":0,"52":0,"53":0,"54":0,"55":0,"56":1},"f":{"0":0,"1":0,"2":0,"3":0,"4":0,"5":0,"6":0,"7":0,"8":0,"9":0,"10":0,"11":0},"b":{"0":[0,0],"1":[0,0,0,0,0],"2":[0,0],"3":[0,0],"4":[0,0],"5":[0,0,0],"6":[0,0],"7":[0,0],"8":[0,0],"9":[0,0],"10":[0,0],"11":[0,0],"12":[0,0],"13":[0,0],"14":[0,0],"15":[0,0,0,0],"16":[0,0],"17":[0,0],"18":[0,0],"19":[0,0],"20":[0,0],"21":[0,0],"22":[0,0],"23":[0,0],"24":[0,0],"25":[0,0],"26":[0,0],"27":[0,0]},"_coverageSchema":"1a1c01bbd47fc00a2c39e90264f33305004495a9","hash":"ec26cb5114a8e631b00658413268566381534297"}
,"C:\\ESPE\\PruebasSoftware\\Unidad 1\\Proyecto.PruebasU1\\Backend\\src\\routes\\auto.routes.js": {"path":"C:\\ESPE\\PruebasSoftware\\Unidad 1\\Proyecto.PruebasU1\\Backend\\src\\routes\\auto.routes.js","statementMap":{"0":{"start":{"line":1,"column":16},"end":{"line":1,"column":34}},"1":{"start":{"line":2,"column":72},"end":{"line":2,"column":113}},"2":{"start":{"line":4,"column":15},"end":{"line":4,"column":31}},"3":{"start":{"line":7,"column":0},"end":{"line":7,"column":32}},"4":{"start":{"line":10,"column":0},"end":{"line":10,"column":32}},"5":{"start":{"line":13,"column":0},"end":{"line":13,"column":34}},"6":{"start":{"line":16,"column":0},"end":{"line":16,"column":37}},"7":{"start":{"line":18,"column":0},"end":{"line":18,"column":24}}},"fnMap":{},"branchMap":{},"s":{"0":1,"1":1,"2":1,"3":1,"4":1,"5":1,"6":1,"7":1},"f":{},"b":{},"_coverageSchema":"1a1c01bbd47fc00a2c39e90264f33305004495a9","hash":"349040ebd93b2e9ff978bd52c77ea291b2838411"}
,"C:\\ESPE\\PruebasSoftware\\Unidad 1\\Proyecto.PruebasU1\\Backend\\src\\routes\\cliente.routes.js": {"path":"C:\\ESPE\\PruebasSoftware\\Unidad 1\\Proyecto.PruebasU1\\Backend\\src\\routes\\cliente.routes.js","statementMap":{"0":{"start":{"line":1,"column":16},"end":{"line":1,"column":34}},"1":{"start":{"line":2,"column":72},"end":{"line":2,"column":116}},"2":{"start":{"line":4,"column":15},"end":{"line":4,"column":31}},"3":{"start":{"line":7,"column":0},"end":{"line":7,"column":32}},"4":{"start":{"line":10,"column":0},"end":{"line":10,"column":32}},"5":{"start":{"line":13,"column":0},"end":{"line":13,"column":34}},"6":{"start":{"line":16,"column":0},"end":{"line":16,"column":37}},"7":{"start":{"line":18,"column":0},"end":{"line":18,"column":24}}},"fnMap":{},"branchMap":{},"s":{"0":1,"1":1,"2":1,"3":1,"4":1,"5":1,"6":1,"7":1},"f":{},"b":{},"_coverageSchema":"1a1c01bbd47fc00a2c39e90264f33305004495a9","hash":"fe5cbb51950d002d0aa30c617106517271ad14ed"}
,"C:\\ESPE\\PruebasSoftware\\Unidad 1\\Proyecto.PruebasU1\\Backend\\src\\routes\\concesionaria.routes.js": {"path":"C:\\ESPE\\PruebasSoftware\\Unidad 1\\Proyecto.PruebasU1\\Backend\\src\\routes\\concesionaria.routes.js","statementMap":{"0":{"start":{"line":1,"column":16},"end":{"line":1,"column":34}},"1":{"start":{"line":7,"column":4},"end":{"line":7,"column":54}},"2":{"start":{"line":9,"column":15},"end":{"line":9,"column":31}},"3":{"start":{"line":12,"column":0},"end":{"line":12,"column":38}},"4":{"start":{"line":15,"column":0},"end":{"line":15,"column":38}},"5":{"start":{"line":18,"column":0},"end":{"line":18,"column":40}},"6":{"start":{"line":21,"column":0},"end":{"line":21,"column":43}},"7":{"start":{"line":23,"column":0},"end":{"line":23,"column":24}}},"fnMap":{},"branchMap":{},"s":{"0":1,"1":1,"2":1,"3":1,"4":1,"5":1,"6":1,"7":1},"f":{},"b":{},"_coverageSchema":"1a1c01bbd47fc00a2c39e90264f33305004495a9","hash":"f3f13758e18c7af2485492eaa428530a8444512b"}
,"C:\\ESPE\\PruebasSoftware\\Unidad 1\\Proyecto.PruebasU1\\Backend\\src\\routes\\vendor.route.js": {"path":"C:\\ESPE\\PruebasSoftware\\Unidad 1\\Proyecto.PruebasU1\\Backend\\src\\routes\\vendor.route.js","statementMap":{"0":{"start":{"line":1,"column":16},"end":{"line":1,"column":34}},"1":{"start":{"line":2,"column":25},"end":{"line":2,"column":68}},"2":{"start":{"line":4,"column":15},"end":{"line":4,"column":31}},"3":{"start":{"line":6,"column":0},"end":{"line":6,"column":48}},"4":{"start":{"line":7,"column":0},"end":{"line":7,"column":48}},"5":{"start":{"line":8,"column":0},"end":{"line":8,"column":51}},"6":{"start":{"line":9,"column":0},"end":{"line":9,"column":50}},"7":{"start":{"line":10,"column":0},"end":{"line":10,"column":53}},"8":{"start":{"line":12,"column":0},"end":{"line":12,"column":24}}},"fnMap":{},"branchMap":{},"s":{"0":1,"1":1,"2":1,"3":1,"4":1,"5":1,"6":1,"7":1,"8":1},"f":{},"b":{},"_coverageSchema":"1a1c01bbd47fc00a2c39e90264f33305004495a9","hash":"4b686bdd12fe9c87a293d71867eb06de6f1bfc2b"}
}
