TN:
SF:src\app.js
FN:10,(anonymous_0)
FN:32,(anonymous_1)
FN:40,(anonymous_2)
FNF:3
FNH:1
FNDA:8,(anonymous_0)
FNDA:0,(anonymous_1)
FNDA:0,(anonymous_2)
DA:1,1
DA:2,1
DA:3,1
DA:4,1
DA:5,1
DA:7,1
DA:10,1
DA:11,8
DA:12,8
DA:13,8
DA:15,8
DA:16,8
DA:19,1
DA:22,1
DA:23,1
DA:24,1
DA:25,1
DA:26,1
DA:27,1
DA:28,1
DA:29,1
DA:32,1
DA:33,0
DA:38,1
DA:39,0
DA:40,0
DA:41,0
DA:46,1
LF:28
LH:24
BRDA:15,0,0,0
BRDA:15,0,1,8
BRDA:38,1,0,0
BRDA:38,1,1,1
BRDA:39,2,0,0
BRDA:39,2,1,0
BRF:6
BRH:2
end_of_record
TN:
SF:src\controllers\auto.controller.js
FN:12,getAllPatients
FN:17,addnewPatient
FN:43,updatePatient
FN:48,(anonymous_3)
FN:61,deletePatient
FN:65,(anonymous_5)
FNF:6
FNH:6
FNDA:2,getAllPatients
FNDA:4,addnewPatient
FNDA:1,updatePatient
FNDA:2,(anonymous_3)
FNDA:1,deletePatient
FNDA:3,(anonymous_5)
DA:9,1
DA:13,2
DA:18,4
DA:21,4
DA:22,1
DA:26,3
DA:36,3
DA:39,3
DA:44,1
DA:45,1
DA:48,2
DA:49,1
DA:51,1
DA:52,1
DA:53,1
DA:54,1
DA:55,1
DA:57,1
DA:62,1
DA:65,3
DA:66,1
DA:68,1
DA:70,1
DA:77,1
LF:24
LH:24
BRDA:21,0,0,1
BRDA:21,0,1,3
BRDA:21,1,0,4
BRDA:21,1,1,4
BRDA:21,1,2,3
BRDA:21,1,3,3
BRDA:21,1,4,3
BRDA:49,2,0,0
BRDA:49,2,1,1
BRDA:51,3,0,0
BRDA:51,3,1,1
BRDA:52,4,0,0
BRDA:52,4,1,1
BRDA:53,5,0,0
BRDA:53,5,1,1
BRDA:54,6,0,1
BRDA:54,6,1,0
BRDA:55,7,0,0
BRDA:55,7,1,1
BRDA:66,8,0,0
BRDA:66,8,1,1
BRF:21
BRH:14
end_of_record
TN:
SF:src\controllers\cliente.controller.js
FN:3,getAllClientes
FN:7,validateClienteData
FN:27,addNewCliente
FN:47,updateCliente
FN:50,(anonymous_4)
FN:60,deleteCliente
FN:62,(anonymous_6)
FNF:7
FNH:0
FNDA:0,getAllClientes
FNDA:0,validateClienteData
FNDA:0,addNewCliente
FNDA:0,updateCliente
FNDA:0,(anonymous_4)
FNDA:0,deleteCliente
FNDA:0,(anonymous_6)
DA:1,1
DA:4,0
DA:8,0
DA:10,0
DA:11,0
DA:14,0
DA:16,0
DA:19,0
DA:20,0
DA:21,0
DA:24,0
DA:28,0
DA:30,0
DA:31,0
DA:32,0
DA:35,0
DA:43,0
DA:44,0
DA:48,0
DA:49,0
DA:50,0
DA:51,0
DA:52,0
DA:53,0
DA:54,0
DA:55,0
DA:56,0
DA:57,0
DA:61,0
DA:62,0
DA:63,0
DA:64,0
DA:65,0
DA:68,1
LF:34
LH:2
BRDA:10,0,0,0
BRDA:10,0,1,0
BRDA:10,1,0,0
BRDA:10,1,1,0
BRDA:10,1,2,0
BRDA:10,1,3,0
BRDA:10,1,4,0
BRDA:14,2,0,0
BRDA:14,2,1,0
BRDA:14,3,0,0
BRDA:14,3,1,0
BRDA:14,3,2,0
BRDA:14,3,3,0
BRDA:14,3,4,0
BRDA:20,4,0,0
BRDA:20,4,1,0
BRDA:31,5,0,0
BRDA:31,5,1,0
BRDA:51,6,0,0
BRDA:51,6,1,0
BRDA:52,7,0,0
BRDA:52,7,1,0
BRDA:53,8,0,0
BRDA:53,8,1,0
BRDA:54,9,0,0
BRDA:54,9,1,0
BRDA:55,10,0,0
BRDA:55,10,1,0
BRDA:56,11,0,0
BRDA:56,11,1,0
BRDA:63,12,0,0
BRDA:63,12,1,0
BRF:32
BRH:0
end_of_record
TN:
SF:src\controllers\concesionaria.controller.js
FN:14,getAllConcesionarias
FN:18,validateConcesionariaData
FN:34,addNewConcesionaria
FN:56,updateConcesionaria
FN:60,(anonymous_4)
FN:73,deleteConcesionaria
FN:76,(anonymous_6)
FNF:7
FNH:0
FNDA:0,getAllConcesionarias
FNDA:0,validateConcesionariaData
FNDA:0,addNewConcesionaria
FNDA:0,updateConcesionaria
FNDA:0,(anonymous_4)
FNDA:0,deleteConcesionaria
FNDA:0,(anonymous_6)
DA:11,1
DA:15,0
DA:19,0
DA:21,0
DA:22,0
DA:25,0
DA:27,0
DA:30,0
DA:35,0
DA:37,0
DA:38,0
DA:39,0
DA:42,0
DA:51,0
DA:52,0
DA:57,0
DA:58,0
DA:60,0
DA:61,0
DA:63,0
DA:64,0
DA:65,0
DA:66,0
DA:67,0
DA:69,0
DA:74,0
DA:76,0
DA:77,0
DA:79,0
DA:81,0
DA:84,1
LF:31
LH:2
BRDA:21,0,0,0
BRDA:21,0,1,0
BRDA:21,1,0,0
BRDA:21,1,1,0
BRDA:21,1,2,0
BRDA:21,1,3,0
BRDA:21,1,4,0
BRDA:25,2,0,0
BRDA:25,2,1,0
BRDA:25,3,0,0
BRDA:25,3,1,0
BRDA:25,3,2,0
BRDA:25,3,3,0
BRDA:25,3,4,0
BRDA:38,4,0,0
BRDA:38,4,1,0
BRDA:61,5,0,0
BRDA:61,5,1,0
BRDA:63,6,0,0
BRDA:63,6,1,0
BRDA:64,7,0,0
BRDA:64,7,1,0
BRDA:65,8,0,0
BRDA:65,8,1,0
BRDA:66,9,0,0
BRDA:66,9,1,0
BRDA:67,10,0,0
BRDA:67,10,1,0
BRDA:77,11,0,0
BRDA:77,11,1,0
BRF:30
BRH:0
end_of_record
TN:
SF:src\controllers\vendor.controller.js
FN:7,createVendor
FN:22,(anonymous_1)
FN:25,(anonymous_2)
FN:35,getAllVendors
FN:40,getVendorById
FN:42,(anonymous_5)
FN:51,updateVendor
FN:54,(anonymous_7)
FN:68,(anonymous_8)
FN:71,(anonymous_9)
FN:81,deleteVendor
FN:83,(anonymous_11)
FNF:12
FNH:0
FNDA:0,createVendor
FNDA:0,(anonymous_1)
FNDA:0,(anonymous_2)
FNDA:0,getAllVendors
FNDA:0,getVendorById
FNDA:0,(anonymous_5)
FNDA:0,updateVendor
FNDA:0,(anonymous_7)
FNDA:0,(anonymous_8)
FNDA:0,(anonymous_9)
FNDA:0,deleteVendor
FNDA:0,(anonymous_11)
DA:1,1
DA:3,1
DA:4,1
DA:8,0
DA:10,0
DA:11,0
DA:13,0
DA:14,0
DA:16,0
DA:17,0
DA:19,0
DA:20,0
DA:22,0
DA:23,0
DA:25,0
DA:26,0
DA:28,0
DA:30,0
DA:31,0
DA:36,0
DA:41,0
DA:42,0
DA:44,0
DA:45,0
DA:47,0
DA:52,0
DA:53,0
DA:54,0
DA:55,0
DA:57,0
DA:59,0
DA:60,0
DA:62,0
DA:63,0
DA:65,0
DA:66,0
DA:68,0
DA:69,0
DA:71,0
DA:72,0
DA:74,0
DA:77,0
DA:82,0
DA:83,0
DA:85,0
DA:86,0
DA:88,0
DA:89,0
DA:92,1
LF:49
LH:4
BRDA:10,0,0,0
BRDA:10,0,1,0
BRDA:10,1,0,0
BRDA:10,1,1,0
BRDA:10,1,2,0
BRDA:10,1,3,0
BRDA:10,1,4,0
BRDA:13,2,0,0
BRDA:13,2,1,0
BRDA:16,3,0,0
BRDA:16,3,1,0
BRDA:19,4,0,0
BRDA:19,4,1,0
BRDA:19,5,0,0
BRDA:19,5,1,0
BRDA:19,5,2,0
BRDA:22,6,0,0
BRDA:22,6,1,0
BRDA:25,7,0,0
BRDA:25,7,1,0
BRDA:44,8,0,0
BRDA:44,8,1,0
BRDA:55,9,0,0
BRDA:55,9,1,0
BRDA:59,10,0,0
BRDA:59,10,1,0
BRDA:59,11,0,0
BRDA:59,11,1,0
BRDA:62,12,0,0
BRDA:62,12,1,0
BRDA:62,13,0,0
BRDA:62,13,1,0
BRDA:65,14,0,0
BRDA:65,14,1,0
BRDA:65,15,0,0
BRDA:65,15,1,0
BRDA:65,15,2,0
BRDA:65,15,3,0
BRDA:68,16,0,0
BRDA:68,16,1,0
BRDA:68,17,0,0
BRDA:68,17,1,0
BRDA:68,18,0,0
BRDA:68,18,1,0
BRDA:71,19,0,0
BRDA:71,19,1,0
BRDA:71,20,0,0
BRDA:71,20,1,0
BRDA:71,21,0,0
BRDA:71,21,1,0
BRDA:74,22,0,0
BRDA:74,22,1,0
BRDA:74,23,0,0
BRDA:74,23,1,0
BRDA:74,24,0,0
BRDA:74,24,1,0
BRDA:74,25,0,0
BRDA:74,25,1,0
BRDA:75,26,0,0
BRDA:75,26,1,0
BRDA:85,27,0,0
BRDA:85,27,1,0
BRF:62
BRH:0
end_of_record
TN:
SF:src\routes\auto.routes.js
FNF:0
FNH:0
DA:1,1
DA:2,1
DA:4,1
DA:7,1
DA:10,1
DA:13,1
DA:16,1
DA:18,1
LF:8
LH:8
BRF:0
BRH:0
end_of_record
TN:
SF:src\routes\cliente.routes.js
FNF:0
FNH:0
DA:1,1
DA:2,1
DA:4,1
DA:7,1
DA:10,1
DA:13,1
DA:16,1
DA:18,1
LF:8
LH:8
BRF:0
BRH:0
end_of_record
TN:
SF:src\routes\concesionaria.routes.js
FNF:0
FNH:0
DA:1,1
DA:7,1
DA:9,1
DA:12,1
DA:15,1
DA:18,1
DA:21,1
DA:23,1
LF:8
LH:8
BRF:0
BRH:0
end_of_record
TN:
SF:src\routes\vendor.route.js
FNF:0
FNH:0
DA:1,1
DA:2,1
DA:4,1
DA:6,1
DA:7,1
DA:8,1
DA:9,1
DA:10,1
DA:12,1
LF:9
LH:9
BRF:0
BRH:0
end_of_record
